{
  "RSpec": {
    "coverage": {
      "/Users/heberthbraga/Workspace/MyProjects/briefing_app/briefing_api/app/services/cache_service.rb": {
        "lines": [
          1,
          1,
          15,
          15,
          null,
          null,
          1,
          3,
          null,
          1,
          0,
          null,
          null,
          1,
          1,
          null,
          null,
          1,
          3,
          null,
          null,
          null,
          1,
          1,
          null,
          null,
          1,
          3,
          null,
          1,
          null,
          1,
          1,
          null,
          null,
          1,
          5,
          null,
          null,
          null,
          1,
          1,
          null,
          null,
          1,
          null,
          1,
          null
        ]
      },
      "/Users/heberthbraga/Workspace/MyProjects/briefing_app/briefing_api/app/models/role.rb": {
        "lines": [
          1,
          1,
          null,
          1,
          null,
          1,
          1,
          null
        ]
      },
      "/Users/heberthbraga/Workspace/MyProjects/briefing_app/briefing_api/app/models/user.rb": {
        "lines": [
          1,
          1,
          1,
          null,
          1,
          null,
          30,
          30,
          30,
          1,
          1,
          1,
          null,
          1,
          11,
          null,
          null,
          1,
          1,
          null,
          null,
          1,
          1,
          null,
          null,
          1,
          1,
          null,
          null,
          1,
          5,
          null,
          null,
          null,
          1,
          11,
          11,
          7,
          null,
          4,
          null,
          null,
          null,
          1,
          3,
          3,
          null,
          null
        ]
      },
      "/Users/heberthbraga/Workspace/MyProjects/briefing_app/briefing_api/app/domain/user_mailer.rb": {
        "lines": [
          1,
          1,
          0,
          null,
          null
        ]
      },
      "/Users/heberthbraga/Workspace/MyProjects/briefing_app/briefing_api/app/models/permission.rb": {
        "lines": [
          1,
          1,
          null
        ]
      },
      "/Users/heberthbraga/Workspace/MyProjects/briefing_app/briefing_api/app/services/v1/jwt/decode.rb": {
        "lines": [
          null,
          null,
          1,
          1,
          null,
          1,
          4,
          null,
          null,
          1,
          4,
          null,
          4,
          null,
          3,
          null,
          1,
          1,
          null,
          null,
          1,
          null,
          1,
          null
        ]
      },
      "/Users/heberthbraga/Workspace/MyProjects/briefing_app/briefing_api/app/services/v1/jwt/encode.rb": {
        "lines": [
          null,
          null,
          1,
          1,
          null,
          1,
          9,
          9,
          null,
          null,
          1,
          9,
          null,
          9,
          null,
          9,
          9,
          9,
          null,
          9,
          null,
          null,
          1,
          null,
          1,
          null
        ]
      },
      "/Users/heberthbraga/Workspace/MyProjects/briefing_app/briefing_api/app/services/v1/registrations/create.rb": {
        "lines": [
          1,
          1,
          null,
          1,
          null,
          null,
          null,
          null,
          1,
          3,
          null,
          null,
          1,
          3,
          3,
          null,
          3,
          null,
          3,
          3,
          null,
          3,
          null,
          2,
          null,
          2,
          null,
          null,
          1,
          null,
          1,
          null
        ]
      },
      "/Users/heberthbraga/Workspace/MyProjects/briefing_app/briefing_api/app/services/v1/security/authenticate_with_basic.rb": {
        "lines": [
          1,
          1,
          null,
          1,
          6,
          6,
          null,
          null,
          1,
          6,
          null,
          6,
          null,
          6,
          null,
          2,
          null,
          null,
          null,
          1,
          null,
          1,
          null
        ]
      },
      "/Users/heberthbraga/Workspace/MyProjects/briefing_app/briefing_api/app/services/v1/security/authorize.rb": {
        "lines": [
          null,
          null,
          1,
          1,
          null,
          1,
          6,
          null,
          null,
          1,
          6,
          null,
          6,
          null,
          6,
          null,
          4,
          null,
          4,
          null,
          4,
          null,
          null,
          1,
          null,
          1,
          null,
          1,
          6,
          null,
          2,
          null,
          null,
          null,
          null
        ]
      },
      "/Users/heberthbraga/Workspace/MyProjects/briefing_app/briefing_api/app/services/v1/security/generate_token.rb": {
        "lines": [
          null,
          null,
          1,
          1,
          null,
          1,
          6,
          null,
          null,
          1,
          6,
          null,
          6,
          null,
          4,
          4,
          4,
          null,
          4,
          null,
          null,
          4,
          null,
          2,
          null,
          null,
          null,
          4,
          null,
          null,
          null,
          null,
          1,
          null,
          1,
          null,
          1,
          8,
          null,
          null
        ]
      },
      "/Users/heberthbraga/Workspace/MyProjects/briefing_app/briefing_api/app/controllers/api/v1/registrations_controller.rb": {
        "lines": [
          null,
          null,
          1,
          1,
          null,
          1,
          1,
          null,
          1,
          null,
          1,
          0,
          null,
          null,
          1,
          null,
          null,
          1,
          null,
          1,
          4,
          null,
          null,
          1,
          3,
          null,
          null
        ]
      },
      "/Users/heberthbraga/Workspace/MyProjects/briefing_app/briefing_api/app/controllers/application_controller.rb": {
        "lines": [
          1,
          1,
          1,
          1,
          1,
          null,
          1,
          null,
          1,
          1,
          null,
          1,
          null,
          1,
          null,
          1,
          null,
          1,
          3,
          null,
          3,
          null,
          3,
          1,
          1,
          null,
          null,
          null,
          1,
          8,
          8,
          null,
          null,
          1,
          8,
          8,
          null,
          0,
          0,
          null,
          null,
          1,
          7,
          null,
          null
        ]
      },
      "/Users/heberthbraga/Workspace/MyProjects/briefing_app/briefing_api/app/controllers/concerns/schema_validable.rb": {
        "lines": [
          null,
          null,
          1,
          1,
          null,
          1,
          1,
          null,
          null,
          1,
          null,
          1,
          7,
          7,
          null,
          7,
          null,
          2,
          null,
          2,
          null,
          null,
          1,
          10,
          null,
          7,
          null,
          null,
          1,
          7,
          null,
          null,
          1,
          17,
          null,
          7,
          null,
          null,
          1,
          null,
          null,
          null
        ]
      },
      "/Users/heberthbraga/Workspace/MyProjects/briefing_app/briefing_api/app/controllers/concerns/error_renderable.rb": {
        "lines": [
          1,
          1,
          null,
          1,
          1,
          1,
          1,
          1,
          1,
          1,
          1,
          1,
          1,
          1,
          null,
          null,
          1,
          0,
          null,
          null,
          1,
          0,
          null,
          null,
          1,
          1,
          null,
          null,
          1,
          0,
          null,
          null,
          null,
          1,
          5,
          null,
          null
        ]
      },
      "/Users/heberthbraga/Workspace/MyProjects/briefing_app/briefing_api/app/controllers/concerns/renderable.rb": {
        "lines": [
          1,
          1,
          null,
          1,
          1,
          null,
          null
        ]
      },
      "/Users/heberthbraga/Workspace/MyProjects/briefing_app/briefing_api/app/schemas/v1/registrations/user_params_schema.rb": {
        "lines": [
          1,
          1,
          1,
          1,
          null,
          1,
          1,
          1,
          1,
          1,
          1,
          1,
          null,
          null,
          1,
          2,
          null,
          null,
          null,
          null
        ]
      },
      "/Users/heberthbraga/Workspace/MyProjects/briefing_app/briefing_api/app/schemas/v1/application_contract.rb": {
        "lines": [
          1,
          1,
          1,
          1,
          null,
          1,
          0,
          null,
          null,
          1,
          7,
          null,
          null,
          null
        ]
      },
      "/Users/heberthbraga/Workspace/MyProjects/briefing_app/briefing_api/app/domain/cache_keys.rb": {
        "lines": [
          null,
          null,
          1,
          1,
          null
        ]
      },
      "/Users/heberthbraga/Workspace/MyProjects/briefing_app/briefing_api/app/controllers/api/v1/sessions_controller.rb": {
        "lines": [
          null,
          null,
          1,
          1,
          null,
          null,
          1,
          null,
          null,
          1,
          4,
          null,
          4,
          4,
          null,
          4,
          4,
          null,
          4,
          3,
          null,
          1,
          null,
          null,
          null,
          1,
          0,
          null,
          null,
          1,
          null,
          1,
          13,
          null,
          null
        ]
      },
      "/Users/heberthbraga/Workspace/MyProjects/briefing_app/briefing_api/app/schemas/v1/sessions/create_basic_params_schema.rb": {
        "lines": [
          1,
          1,
          1,
          1,
          1,
          1,
          null,
          null,
          null,
          null
        ]
      },
      "/Users/heberthbraga/Workspace/MyProjects/briefing_app/briefing_api/app/security/token/expiry.rb": {
        "lines": [
          null,
          null,
          1,
          null,
          1,
          null,
          null,
          1,
          6,
          null,
          null,
          1,
          3,
          null,
          null,
          1,
          18,
          null,
          null,
          1,
          null,
          1,
          6,
          null,
          null,
          1,
          3,
          null,
          null
        ]
      },
      "/Users/heberthbraga/Workspace/MyProjects/briefing_app/briefing_api/app/security/token/helper.rb": {
        "lines": [
          null,
          null,
          1,
          1,
          1,
          9,
          null,
          null,
          1,
          12,
          null,
          null,
          null
        ]
      },
      "/Users/heberthbraga/Workspace/MyProjects/briefing_app/briefing_api/app/controllers/api/v1/users_controller.rb": {
        "lines": [
          null,
          null,
          1,
          null,
          1,
          2,
          null,
          1,
          1,
          null,
          null,
          1,
          null,
          null
        ]
      }
    },
    "timestamp": 1735661969
  }
}
